0 info it worked if it ends with ok
1 verbose cli [ '/Users/rihdus/.nvm/versions/node/v6.10.2/bin/node',
1 verbose cli   '/Users/rihdus/.nvm/versions/node/v6.10.2/bin/npm',
1 verbose cli   'run',
1 verbose cli   'deploy:pages' ]
2 info using npm@3.10.10
3 info using node@v6.10.2
4 verbose run-script [ 'predeploy:pages', 'deploy:pages', 'postdeploy:pages' ]
5 info lifecycle @~predeploy:pages: @
6 silly lifecycle @~predeploy:pages: no script for predeploy:pages, continuing
7 info lifecycle @~deploy:pages: @
8 verbose lifecycle @~deploy:pages: unsafe-perm in lifecycle true
9 verbose lifecycle @~deploy:pages: PATH: /Users/rihdus/.nvm/versions/node/v6.10.2/lib/node_modules/npm/bin/node-gyp-bin:/Volumes/HAKO/devel/wk/project/trading-platform/node_modules/.bin:/Volumes/HAKO/sdk/google-cloud-sdk/bin:/Users/rihdus/.nvm/versions/node/v6.10.2/bin:/usr/texbin:/usr/local/mysql/bin:/usr/sbin:/usr/local/bin:/bin:/Volumes/HAKO/sdk/adt-bundle-mac-x86_64/sdk/platform-tools:/Volumes/HAKO/sdk/adt-bundle-mac-x86_64/sdk/tools:/Users/rihdus/.local/bin:/usr/local/bin:/usr/bin:/bin:/usr/sbin:/sbin:/opt/X11/bin:/usr/texbin
10 verbose lifecycle @~deploy:pages: CWD: /Volumes/HAKO/devel/wk/project/trading-platform
11 silly lifecycle @~deploy:pages: Args: [ '-c', 'git subtree push --prefix dist origin gh-pages' ]
12 silly lifecycle @~deploy:pages: Returned: code: 1  signal: null
13 info lifecycle @~deploy:pages: Failed to exec deploy:pages script
14 verbose stack Error: @ deploy:pages: `git subtree push --prefix dist origin gh-pages`
14 verbose stack Exit status 1
14 verbose stack     at EventEmitter.<anonymous> (/Users/rihdus/.nvm/versions/node/v6.10.2/lib/node_modules/npm/lib/utils/lifecycle.js:255:16)
14 verbose stack     at emitTwo (events.js:106:13)
14 verbose stack     at EventEmitter.emit (events.js:191:7)
14 verbose stack     at ChildProcess.<anonymous> (/Users/rihdus/.nvm/versions/node/v6.10.2/lib/node_modules/npm/lib/utils/spawn.js:40:14)
14 verbose stack     at emitTwo (events.js:106:13)
14 verbose stack     at ChildProcess.emit (events.js:191:7)
14 verbose stack     at maybeClose (internal/child_process.js:886:16)
14 verbose stack     at Process.ChildProcess._handle.onexit (internal/child_process.js:226:5)
15 verbose pkgid @
16 verbose cwd /Volumes/HAKO/devel/wk/project/trading-platform
17 error Darwin 16.6.0
18 error argv "/Users/rihdus/.nvm/versions/node/v6.10.2/bin/node" "/Users/rihdus/.nvm/versions/node/v6.10.2/bin/npm" "run" "deploy:pages"
19 error node v6.10.2
20 error npm  v3.10.10
21 error code ELIFECYCLE
22 error @ deploy:pages: `git subtree push --prefix dist origin gh-pages`
22 error Exit status 1
23 error Failed at the @ deploy:pages script 'git subtree push --prefix dist origin gh-pages'.
23 error Make sure you have the latest version of node.js and npm installed.
23 error If you do, this is most likely a problem with the  package,
23 error not with npm itself.
23 error Tell the author that this fails on your system:
23 error     git subtree push --prefix dist origin gh-pages
23 error You can get information on how to open an issue for this project with:
23 error     npm bugs
23 error Or if that isn't available, you can get their info via:
23 error     npm owner ls
23 error There is likely additional logging output above.
24 verbose exit [ 1, true ]
